2020-09-23 20:29:17,912 - Homework_bot - INFO - Homework not been reviewed yet.
2020-09-23 20:29:58,502 - Homework_bot - INFO - Homework not been reviewed yet.
2020-09-23 20:35:21,560 - Homework_bot - ERROR - Бот упал с ошибкой: name 'user_api' is not defined
2020-09-23 20:36:56,466 - Homework_bot - ERROR - Бот упал с ошибкой: name 'user_api' is not defined
2020-09-23 20:37:01,470 - Homework_bot - ERROR - Бот упал с ошибкой: name 'user_api' is not defined
2020-09-23 20:37:06,476 - Homework_bot - ERROR - Бот упал с ошибкой: name 'user_api' is not defined
2020-09-23 20:37:11,481 - Homework_bot - ERROR - Бот упал с ошибкой: name 'user_api' is not defined
2020-09-23 20:37:16,487 - Homework_bot - ERROR - Бот упал с ошибкой: name 'user_api' is not defined
2020-09-23 20:37:21,490 - Homework_bot - ERROR - Бот упал с ошибкой: name 'user_api' is not defined
2020-09-23 20:37:26,492 - Homework_bot - ERROR - Бот упал с ошибкой: name 'user_api' is not defined
2020-09-23 20:37:31,496 - Homework_bot - ERROR - Бот упал с ошибкой: name 'user_api' is not defined
2020-09-23 20:37:36,501 - Homework_bot - ERROR - Бот упал с ошибкой: name 'user_api' is not defined
2020-09-23 20:37:41,505 - Homework_bot - ERROR - Бот упал с ошибкой: name 'user_api' is not defined
2020-09-23 20:37:46,509 - Homework_bot - ERROR - Бот упал с ошибкой: name 'user_api' is not defined
2020-09-23 20:37:51,510 - Homework_bot - ERROR - Бот упал с ошибкой: name 'user_api' is not defined
2020-09-23 20:37:56,515 - Homework_bot - ERROR - Бот упал с ошибкой: name 'user_api' is not defined
2020-09-23 20:38:01,536 - Homework_bot - ERROR - Бот упал с ошибкой: name 'user_api' is not defined
2020-09-23 20:38:06,537 - Homework_bot - ERROR - Бот упал с ошибкой: name 'user_api' is not defined
2020-09-23 20:38:11,542 - Homework_bot - ERROR - Бот упал с ошибкой: name 'user_api' is not defined
2020-09-23 20:38:16,547 - Homework_bot - ERROR - Бот упал с ошибкой: name 'user_api' is not defined
2020-09-23 20:38:21,550 - Homework_bot - ERROR - Бот упал с ошибкой: name 'user_api' is not defined
2020-09-23 20:38:27,041 - Homework_bot - ERROR - Бот упал с ошибкой: Expecting value: line 1 column 1 (char 0)
2020-09-23 20:44:53,552 - Homework_bot - ERROR - Бот упал с ошибкой: Expecting value: line 1 column 1 (char 0)
2020-09-23 22:18:11,092 - Homework_bot - ERROR - Бот упал с ошибкой: Expecting value: line 1 column 1 (char 0)
2020-09-23 22:30:52,873 - Homework_bot - INFO - Бот упал с ошибкой: Expecting value: line 1 column 1 (char 0)
2020-09-23 22:30:58,248 - Homework_bot - INFO - Бот упал с ошибкой: Expecting value: line 1 column 1 (char 0)
2020-09-23 22:32:46,136 - root - INFO - Бот упал с ошибкой: Expecting value: line 1 column 1 (char 0)
2020-09-23 23:22:30,839 - Homework_bot - INFO - Homework not been reviewed yet.
2020-09-23 23:26:52,450 - Homework_bot - INFO - Homework not been reviewed yet.
2020-09-23 23:26:57,090 - Homework_bot - INFO - Homework not been reviewed yet.
2020-09-23 23:27:24,117 - Homework_bot - INFO - Homework not been reviewed yet.
2020-09-24 00:06:01,388 - Homework_bot - INFO - Homework not been reviewed yet.
2020-09-24 00:06:39,451 - Homework_bot - INFO - Homework not been reviewed yet.
2020-09-24 00:07:05,666 - Homework_bot - ERROR - Key Error: 'stat'
2020-09-24 00:07:39,724 - Homework_bot - ERROR - Key Error: 'stat'
2020-09-24 00:08:18,761 - Homework_bot - ERROR - Key Error: 'stat'
2020-09-24 00:13:49,706 - Homework_bot - ERROR - Key Error: 'stat' - no such key in response
2020-09-24 00:14:40,301 - Homework_bot - ERROR - Key Error: 'stat' - no such key in response
2020-09-24 00:15:07,478 - Homework_bot - ERROR - Key Error: 'stat' - no such key in response
2020-09-24 00:15:30,686 - Homework_bot - ERROR - Key Error: 'stat' - no such key in response
2020-09-24 00:19:52,996 - parse_homework_status - ERROR - Key Error: 'stat' - no such key in response
2020-09-24 00:24:07,971 - root - ERROR - Бот упал с ошибкой: name 'logger' is not defined
2020-09-24 00:24:13,314 - root - ERROR - Бот упал с ошибкой: name 'logger' is not defined
2020-09-24 00:24:54,190 - root - INFO - Homework not been reviewed yet.
2020-09-24 00:35:22,841 - root - INFO - Homework has not been reviewed yet.
2020-09-24 00:55:23,250 - root - INFO - Homework has not been reviewed yet.
2020-09-24 09:17:32,161 - root - INFO - Homework has not been reviewed yet.
2020-09-24 09:37:32,595 - root - INFO - Homework has not been reviewed yet.
2020-09-24 09:57:33,526 - root - INFO - Homework has not been reviewed yet.
2020-09-24 10:17:33,899 - root - INFO - Homework has not been reviewed yet.
2020-09-24 10:43:20,129 - get_homework_statuses - ERROR - Connection Error: ('Connection aborted.', ConnectionResetError(54, 'Connection reset by peer')), headers = {'Authorization': 'OAuth AgAAAAADtASLAAYckTbSZp-u6EIHngbg4qXUS6g'}, params: {'from_date': 1600931853}
2020-09-24 10:43:20,132 - root - ERROR - Бот упал с ошибкой: 'NoneType' object has no attribute 'get'
2020-09-24 10:43:25,231 - get_homework_statuses - ERROR - Connection Error: HTTPSConnectionPool(host='praktikum.yandex.ru', port=443): Max retries exceeded with url: /api/user_api/homework_statuses/?from_date=1600931853 (Caused by NewConnectionError('<urllib3.connection.HTTPSConnection object at 0x102e36f40>: Failed to establish a new connection: [Errno 61] Connection refused')), headers = {'Authorization': 'OAuth AgAAAAADtASLAAYckTbSZp-u6EIHngbg4qXUS6g'}, params: {'from_date': 1600931853}
2020-09-24 10:43:25,232 - root - ERROR - Бот упал с ошибкой: 'NoneType' object has no attribute 'get'
2020-09-24 10:43:34,112 - root - INFO - Homework has not been reviewed yet.
2020-09-24 11:03:34,575 - root - INFO - Homework has not been reviewed yet.
2020-09-24 11:23:34,992 - root - INFO - Homework has not been reviewed yet.
2020-09-24 11:43:36,070 - root - INFO - Homework has not been reviewed yet.
2020-09-24 12:03:36,525 - root - INFO - Homework has not been reviewed yet.
2020-09-24 12:23:36,859 - root - INFO - Homework has not been reviewed yet.
2020-09-24 12:43:37,313 - root - INFO - Homework has not been reviewed yet.
2020-09-24 13:03:40,387 - root - INFO - Homework has not been reviewed yet.
2020-09-24 13:23:41,417 - root - INFO - Homework has not been reviewed yet.
2020-09-24 21:43:38,498 - root - INFO - Homework has not been reviewed yet.
2020-09-24 22:04:54,898 - root - INFO - Homework has not been reviewed yet.
2020-09-24 22:05:16,977 - root - INFO - Homework has not been reviewed yet.
2020-09-24 22:06:18,689 - root - INFO - Homework has not been reviewed yet.
2020-09-24 22:06:37,145 - root - INFO - Homework has not been reviewed yet.
2020-09-24 22:07:11,270 - root - INFO - Homework has not been reviewed yet.
2020-09-24 22:07:54,725 - parse_homework_status - ERROR - Key Error: 'homework_nam' - no such key in response
2020-09-24 22:28:28,656 - root - ERROR - Бот упал с ошибкой: 
2020-09-25 00:09:23,925 - root - INFO - Homework has not been reviewed yet.
2020-09-25 00:12:30,875 - root - INFO - Homework has not beenuploaded or reviewed yet.
2020-09-25 00:12:47,482 - root - INFO - Homework has not been uploaded or reviewed yet.
2020-09-25 00:21:38,251 - root - INFO - Homework has not been uploaded or reviewed yet.
2020-09-25 00:24:16,806 - root - INFO - Homework has not been uploaded or reviewed yet.
2020-09-25 00:24:37,346 - root - INFO - Homework has not been uploaded or reviewed yet.
2020-09-25 00:24:47,077 - root - INFO - Homework has not been uploaded or reviewed yet.
2020-09-25 00:25:30,552 - root - INFO - Homework has not been uploaded or reviewed yet.
2020-09-25 00:25:48,024 - root - INFO - Homework has not been uploaded or reviewed yet.
2020-09-25 00:26:33,179 - root - ERROR - Бот упал с ошибкой: name 'current_timestam' is not defined
2020-09-25 00:26:47,372 - root - ERROR - Бот упал с ошибкой: name 'current_timestam' is not defined
2020-09-25 00:26:52,376 - root - ERROR - Бот упал с ошибкой: name 'current_timestam' is not defined
2020-09-25 00:26:57,381 - root - ERROR - Бот упал с ошибкой: name 'current_timestam' is not defined
2020-09-25 00:27:02,384 - root - ERROR - Бот упал с ошибкой: name 'current_timestam' is not defined
2020-09-25 00:27:07,389 - root - ERROR - Бот упал с ошибкой: name 'current_timestam' is not defined
2020-09-25 00:27:12,389 - root - ERROR - Бот упал с ошибкой: name 'current_timestam' is not defined
2020-09-25 00:27:17,394 - root - ERROR - Бот упал с ошибкой: name 'current_timestam' is not defined
2020-09-25 00:46:54,636 - root - INFO - Homework has not been uploaded or reviewed yet.
2020-09-25 00:49:30,122 - root - INFO - Homework has not been uploaded or reviewed yet.
2020-09-25 00:50:02,656 - root - INFO - Homework has not been uploaded or reviewed yet.
2020-09-25 00:50:31,053 - root - ERROR - Бот упал с ошибкой: name 'current_timestam' is not defined
2020-09-25 00:50:36,056 - root - ERROR - Бот упал с ошибкой: name 'current_timestam' is not defined
2020-09-25 00:50:41,061 - root - ERROR - Бот упал с ошибкой: name 'current_timestam' is not defined
2020-09-25 00:50:46,064 - root - ERROR - Бот упал с ошибкой: name 'current_timestam' is not defined
2020-09-25 00:50:51,066 - root - ERROR - Бот упал с ошибкой: name 'current_timestam' is not defined
2020-09-25 00:50:56,069 - root - ERROR - Бот упал с ошибкой: name 'current_timestam' is not defined
2020-09-25 00:51:01,069 - root - ERROR - Бот упал с ошибкой: name 'current_timestam' is not defined
2020-09-25 00:51:06,070 - root - ERROR - Бот упал с ошибкой: name 'current_timestam' is not defined
2020-09-25 00:51:11,074 - root - ERROR - Бот упал с ошибкой: name 'current_timestam' is not defined
2020-09-25 00:51:16,077 - root - ERROR - Бот упал с ошибкой: name 'current_timestam' is not defined
2020-09-25 00:51:21,082 - root - ERROR - Бот упал с ошибкой: name 'current_timestam' is not defined
2020-09-25 00:53:43,174 - root - ERROR - Бот упал с ошибкой: name 'current_timestam' is not defined
2020-09-25 00:54:15,320 - root - ERROR - Бот упал с ошибкой: name 'current_timesta' is not defined
2020-09-25 00:54:18,323 - root - ERROR - Бот упал с ошибкой: name 'current_timesta' is not defined
2020-09-25 00:54:21,328 - root - ERROR - Бот упал с ошибкой: name 'current_timesta' is not defined
2020-09-25 00:54:24,334 - root - ERROR - Бот упал с ошибкой: name 'current_timesta' is not defined
2020-09-25 00:54:27,336 - root - ERROR - Бот упал с ошибкой: name 'current_timesta' is not defined
2020-09-25 00:54:30,339 - root - ERROR - Бот упал с ошибкой: name 'current_timesta' is not defined
2020-09-25 00:54:33,344 - root - ERROR - Бот упал с ошибкой: name 'current_timesta' is not defined
2020-09-25 00:54:36,349 - root - ERROR - Бот упал с ошибкой: name 'current_timesta' is not defined
2020-09-25 00:54:39,354 - root - ERROR - Бот упал с ошибкой: name 'current_timesta' is not defined
2020-09-25 00:54:42,360 - root - ERROR - Бот упал с ошибкой: name 'current_timesta' is not defined
2020-09-25 00:54:45,362 - root - ERROR - Бот упал с ошибкой: name 'current_timesta' is not defined
2020-09-25 00:56:04,626 - root - ERROR - Бот упал с ошибкой: name 'current_timesta' is not defined
2020-09-25 00:56:05,633 - root - ERROR - Бот упал с ошибкой: name 'current_timesta' is not defined
2020-09-25 00:56:06,635 - root - ERROR - Бот упал с ошибкой: name 'current_timesta' is not defined
2020-09-25 00:56:07,640 - root - ERROR - Бот упал с ошибкой: name 'current_timesta' is not defined
2020-09-25 00:56:08,645 - root - ERROR - Бот упал с ошибкой: name 'current_timesta' is not defined
2020-09-25 00:56:09,648 - root - ERROR - Бот упал с ошибкой: name 'current_timesta' is not defined
2020-09-25 00:56:10,654 - root - ERROR - Бот упал с ошибкой: name 'current_timesta' is not defined
2020-09-25 00:56:11,656 - root - ERROR - Бот упал с ошибкой: name 'current_timesta' is not defined
2020-09-25 00:56:12,658 - root - ERROR - Бот упал с ошибкой: name 'current_timesta' is not defined
2020-09-25 00:56:13,663 - root - ERROR - Бот упал с ошибкой: name 'current_timesta' is not defined
2020-09-25 00:56:14,667 - root - ERROR - Бот упал с ошибкой: name 'current_timesta' is not defined
2020-09-25 00:57:14,842 - root - ERROR - Бот упал с ошибкой: name 'current_timesta' is not defined
2020-09-25 00:57:15,844 - root - ERROR - Бот упал с ошибкой: name 'current_timesta' is not defined
2020-09-25 00:57:16,847 - root - ERROR - Бот упал с ошибкой: name 'current_timesta' is not defined
2020-09-25 00:57:17,848 - root - ERROR - Бот упал с ошибкой: name 'current_timesta' is not defined
2020-09-25 00:57:18,849 - root - ERROR - Бот упал с ошибкой: name 'current_timesta' is not defined
2020-09-25 00:57:19,850 - root - ERROR - Бот упал с ошибкой: name 'current_timesta' is not defined
2020-09-25 00:57:20,852 - root - ERROR - Бот упал с ошибкой: name 'current_timesta' is not defined
2020-09-25 00:57:21,855 - root - ERROR - Бот упал с ошибкой: name 'current_timesta' is not defined
2020-09-25 00:57:22,857 - root - ERROR - Бот упал с ошибкой: name 'current_timesta' is not defined
2020-09-25 00:57:23,860 - root - ERROR - Бот упал с ошибкой: name 'current_timesta' is not defined
2020-09-25 00:57:24,863 - root - ERROR - Бот упал с ошибкой: name 'current_timesta' is not defined
2020-09-25 01:11:57,068 - root - ERROR - Бот упал с ошибкой: name 'current_timesta' is not defined
2020-09-25 01:11:58,071 - root - ERROR - Бот упал с ошибкой: name 'current_timesta' is not defined
2020-09-25 01:11:59,075 - root - ERROR - Бот упал с ошибкой: name 'current_timesta' is not defined
2020-09-25 01:12:00,079 - root - ERROR - Бот упал с ошибкой: name 'current_timesta' is not defined
2020-09-25 01:12:24,066 - root - ERROR - Бот упал с ошибкой: name 'current_timesta' is not defined
2020-09-25 01:12:25,069 - root - ERROR - Бот упал с ошибкой: name 'current_timesta' is not defined
2020-09-25 01:12:26,074 - root - ERROR - Бот упал с ошибкой: name 'current_timesta' is not defined
2020-09-25 01:12:27,079 - root - ERROR - Бот упал с ошибкой: name 'current_timesta' is not defined
2020-09-25 02:08:45,190 - root - ERROR - Бот упал с ошибкой: name 'current_timesta' is not defined
2020-09-25 02:08:46,195 - root - ERROR - Бот упал с ошибкой: name 'current_timesta' is not defined
2020-09-25 02:08:47,197 - root - ERROR - Бот упал с ошибкой: name 'current_timesta' is not defined
2020-09-25 02:08:48,203 - root - ERROR - Бот упал с ошибкой: name 'current_timesta' is not defined
2020-09-25 02:08:49,205 - root - ERROR - Бот упал с ошибкой: name 'current_timesta' is not defined
2020-09-25 02:08:50,208 - root - ERROR - Бот упал с ошибкой: name 'current_timesta' is not defined
2020-09-25 02:08:51,211 - root - ERROR - Бот упал с ошибкой: name 'current_timesta' is not defined
2020-09-25 02:08:52,213 - root - ERROR - Бот упал с ошибкой: name 'current_timesta' is not defined
2020-09-25 02:08:53,216 - root - ERROR - Бот упал с ошибкой: name 'current_timesta' is not defined
2020-09-25 02:08:54,219 - root - ERROR - Бот упал с ошибкой: name 'current_timesta' is not defined
2020-09-25 02:09:25,415 - root - ERROR - Бот упал с ошибкой: name 'current_timesta' is not defined
2020-09-25 02:09:26,421 - root - ERROR - Бот упал с ошибкой: name 'current_timesta' is not defined
2020-09-25 02:09:27,423 - root - ERROR - Бот упал с ошибкой: name 'current_timesta' is not defined
2020-09-25 02:09:28,429 - root - ERROR - Бот упал с ошибкой: name 'current_timesta' is not defined
2020-09-25 02:09:29,429 - root - ERROR - Бот упал с ошибкой: name 'current_timesta' is not defined
2020-09-25 02:10:27,359 - root - ERROR - Бот упал с ошибкой: name 'current_timesta' is not defined
2020-09-25 02:10:28,363 - root - ERROR - Бот упал с ошибкой: name 'current_timesta' is not defined
2020-09-25 02:10:29,366 - root - ERROR - Бот упал с ошибкой: name 'current_timesta' is not defined
2020-09-25 02:10:30,369 - root - ERROR - Бот упал с ошибкой: name 'current_timesta' is not defined
2020-09-25 02:10:31,374 - root - ERROR - Бот упал с ошибкой: name 'current_timesta' is not defined
2020-09-25 02:10:32,377 - root - ERROR - Бот упал с ошибкой: name 'current_timesta' is not defined
2020-09-25 02:10:33,378 - root - ERROR - Бот упал с ошибкой: name 'current_timesta' is not defined
2020-09-25 02:10:34,379 - root - ERROR - Бот упал с ошибкой: name 'current_timesta' is not defined
2020-09-25 02:10:35,382 - root - ERROR - Бот упал с ошибкой: name 'current_timesta' is not defined
2020-09-25 02:10:36,382 - root - ERROR - Бот упал с ошибкой: name 'current_timesta' is not defined
2020-09-25 02:11:37,554 - root - ERROR - Бот упал с ошибкой: name 'current_timesta' is not defined
2020-09-25 02:11:38,559 - root - ERROR - Бот упал с ошибкой: name 'current_timesta' is not defined
2020-09-25 02:11:39,565 - root - ERROR - Бот упал с ошибкой: name 'current_timesta' is not defined
2020-09-25 02:11:40,567 - root - ERROR - Бот упал с ошибкой: name 'current_timesta' is not defined
2020-09-25 02:11:41,570 - root - ERROR - Бот упал с ошибкой: name 'current_timesta' is not defined
2020-09-25 02:16:50,569 - root - ERROR - Бот упал с ошибкой 10 раз: name 'current_timesta' is not defined
